Using pre-set license
Built from '2021.3/release' branch; Version is '2021.3.12f1 (8af3c3e441b1) revision 9106371'; Using compiler version '192829333'; Build Type 'Release'
OS: 'Windows 10  (10.0.19045) 64bit Core' Language: 'en' Physical Memory: 16335 MB
BatchMode: 1, IsHumanControllingUs: 0, StartBugReporterOnCrash: 0, Is64bit: 1, IsPro: 1

COMMAND LINE ARGUMENTS:
C:\Program Files\Unity\Hub\Editor\2021.3.12f1\Editor\Unity.exe
-adb2
-batchMode
-noUpm
-name
AssetImportWorker0
-projectPath
C:/Users/Batman/Unionizer
-logFile
Logs/AssetImportWorker0.log
-srvPort
56581
Successfully changed project path to: C:/Users/Batman/Unionizer
C:/Users/Batman/Unionizer
[UnityMemory] Configuration Parameters - Can be set up in boot.config
    "memorysetup-bucket-allocator-granularity=16"
    "memorysetup-bucket-allocator-bucket-count=8"
    "memorysetup-bucket-allocator-block-size=33554432"
    "memorysetup-bucket-allocator-block-count=8"
    "memorysetup-main-allocator-block-size=16777216"
    "memorysetup-thread-allocator-block-size=16777216"
    "memorysetup-gfx-main-allocator-block-size=16777216"
    "memorysetup-gfx-thread-allocator-block-size=16777216"
    "memorysetup-cache-allocator-block-size=4194304"
    "memorysetup-typetree-allocator-block-size=2097152"
    "memorysetup-profiler-bucket-allocator-granularity=16"
    "memorysetup-profiler-bucket-allocator-bucket-count=8"
    "memorysetup-profiler-bucket-allocator-block-size=33554432"
    "memorysetup-profiler-bucket-allocator-block-count=8"
    "memorysetup-profiler-allocator-block-size=16777216"
    "memorysetup-profiler-editor-allocator-block-size=1048576"
    "memorysetup-temp-allocator-size-main=16777216"
    "memorysetup-job-temp-allocator-block-size=2097152"
    "memorysetup-job-temp-allocator-block-size-background=1048576"
    "memorysetup-job-temp-allocator-reduction-small-platforms=262144"
    "memorysetup-temp-allocator-size-background-worker=32768"
    "memorysetup-temp-allocator-size-job-worker=262144"
    "memorysetup-temp-allocator-size-preload-manager=33554432"
    "memorysetup-temp-allocator-size-nav-mesh-worker=65536"
    "memorysetup-temp-allocator-size-audio-worker=65536"
    "memorysetup-temp-allocator-size-cloud-worker=32768"
    "memorysetup-temp-allocator-size-gi-baking-worker=262144"
    "memorysetup-temp-allocator-size-gfx=262144"
Refreshing native plugins compatible for Editor in 149.20 ms, found 3 plugins.
Preloading 0 native plugins for Editor in 0.00 ms.
Initialize engine version: 2021.3.12f1 (8af3c3e441b1)
[Subsystems] Discovering subsystems at path C:/Program Files/Unity/Hub/Editor/2021.3.12f1/Editor/Data/Resources/UnitySubsystems
[Subsystems] Discovering subsystems at path C:/Users/Batman/Unionizer/Assets
GfxDevice: creating device client; threaded=0; jobified=0
Direct3D:
    Version:  Direct3D 11.0 [level 11.1]
    Renderer: NVIDIA GeForce GTX 1050 Ti (ID=0x1c82)
    Vendor:   NVIDIA
    VRAM:     4017 MB
    Driver:   31.0.15.3179
Initialize mono
Mono path[0] = 'C:/Program Files/Unity/Hub/Editor/2021.3.12f1/Editor/Data/Managed'
Mono path[1] = 'C:/Program Files/Unity/Hub/Editor/2021.3.12f1/Editor/Data/MonoBleedingEdge/lib/mono/unityjit-win32'
Mono config path = 'C:/Program Files/Unity/Hub/Editor/2021.3.12f1/Editor/Data/MonoBleedingEdge/etc'
Using monoOptions --debugger-agent=transport=dt_socket,embedding=1,server=y,suspend=n,address=127.0.0.1:56292
Begin MonoManager ReloadAssembly
Registering precompiled unity dll's ...
Register platform support module: C:/Program Files/Unity/Hub/Editor/2021.3.12f1/Editor/Data/PlaybackEngines/WebGLSupport/UnityEditor.WebGL.Extensions.dll
Register platform support module: C:/Program Files/Unity/Hub/Editor/2021.3.12f1/Editor/Data/PlaybackEngines/AndroidPlayer/UnityEditor.Android.Extensions.dll
Register platform support module: C:/Program Files/Unity/Hub/Editor/2021.3.12f1/Editor/Data/PlaybackEngines/WindowsStandaloneSupport/UnityEditor.WindowsStandalone.Extensions.dll
Registered in 0.012766 seconds.
Native extension for WindowsStandalone target not found
Native extension for Android target not found
Native extension for WebGL target not found
Refreshing native plugins compatible for Editor in 149.66 ms, found 3 plugins.
Preloading 0 native plugins for Editor in 0.00 ms.
Mono: successfully reloaded assembly
- Completed reload, in  1.046 seconds
Domain Reload Profiling:
	ReloadAssembly (1047ms)
		BeginReloadAssembly (109ms)
			ExecutionOrderSort (0ms)
			DisableScriptedObjects (0ms)
			BackupInstance (0ms)
			ReleaseScriptingObjects (0ms)
			CreateAndSetChildDomain (1ms)
		EndReloadAssembly (764ms)
			LoadAssemblies (106ms)
			RebuildTransferFunctionScriptingTraits (0ms)
			SetupTypeCache (187ms)
			ReleaseScriptCaches (0ms)
			RebuildScriptCaches (44ms)
			SetupLoadedEditorAssemblies (449ms)
				LogAssemblyErrors (0ms)
				InitializePlatformSupportModulesInManaged (87ms)
				SetLoadedEditorAssemblies (0ms)
				RefreshPlugins (150ms)
				BeforeProcessingInitializeOnLoad (2ms)
				ProcessInitializeOnLoadAttributes (144ms)
				ProcessInitializeOnLoadMethodAttributes (65ms)
				AfterProcessingInitializeOnLoad (0ms)
				EditorAssembliesLoaded (0ms)
			ExecutionOrderSort2 (0ms)
			AwakeInstancesAfterBackupRestoration (0ms)
Platform modules already initialized, skipping
Registering precompiled user dll's ...
Registered in 0.008445 seconds.
Begin MonoManager ReloadAssembly
Symbol file LoadedFromMemory doesn't match image C:\Users\Batman\Unionizer\Library\PackageCache\com.unity.visualscripting@1.7.8\Editor\VisualScripting.Core\Dependencies\YamlDotNet\Unity.VisualScripting.YamlDotNet.dll
Symbol file LoadedFromMemory doesn't match image C:\Users\Batman\Unionizer\Library\PackageCache\com.unity.visualscripting@1.7.8\Editor\VisualScripting.Core\Dependencies\DotNetZip\Unity.VisualScripting.IonicZip.dll
Native extension for WindowsStandalone target not found
Native extension for Android target not found
Native extension for WebGL target not found
Refreshing native plugins compatible for Editor in 0.99 ms, found 3 plugins.
Preloading 0 native plugins for Editor in 0.00 ms.
Mono: successfully reloaded assembly
- Completed reload, in  1.732 seconds
Domain Reload Profiling:
	ReloadAssembly (1734ms)
		BeginReloadAssembly (285ms)
			ExecutionOrderSort (0ms)
			DisableScriptedObjects (9ms)
			BackupInstance (0ms)
			ReleaseScriptingObjects (0ms)
			CreateAndSetChildDomain (136ms)
		EndReloadAssembly (1237ms)
			LoadAssemblies (127ms)
			RebuildTransferFunctionScriptingTraits (0ms)
			SetupTypeCache (406ms)
			ReleaseScriptCaches (1ms)
			RebuildScriptCaches (75ms)
			SetupLoadedEditorAssemblies (577ms)
				LogAssemblyErrors (0ms)
				InitializePlatformSupportModulesInManaged (24ms)
				SetLoadedEditorAssemblies (1ms)
				RefreshPlugins (1ms)
				BeforeProcessingInitializeOnLoad (138ms)
				ProcessInitializeOnLoadAttributes (362ms)
				ProcessInitializeOnLoadMethodAttributes (40ms)
				AfterProcessingInitializeOnLoad (12ms)
				EditorAssembliesLoaded (0ms)
			ExecutionOrderSort2 (0ms)
			AwakeInstancesAfterBackupRestoration (10ms)
Platform modules already initialized, skipping
========================================================================
Worker process is ready to serve import requests
Launched and connected shader compiler UnityShaderCompiler.exe after 0.05 seconds
Refreshing native plugins compatible for Editor in 1.44 ms, found 3 plugins.
Preloading 0 native plugins for Editor in 0.00 ms.
Unloading 3390 Unused Serialized files (Serialized files now loaded: 0)
Unloading 27 unused Assets / (113.8 KB). Loaded Objects now: 3850.
Memory consumption went from 119.9 MB to 119.8 MB.
Total: 3.797000 ms (FindLiveObjects: 0.307300 ms CreateObjectMapping: 0.140100 ms MarkObjects: 3.214000 ms  DeleteObjects: 0.134200 ms)

AssetImportParameters requested are different than current active one (requested -> active):
  custom:video-decoder-ogg-theora: a1e56fd34408186e4bbccfd4996cb3dc -> 
  custom:container-muxer-webm: aa71ff27fc2769a1b78a27578f13a17b -> 
  custom:container-demuxer-webm: 4f35f7cbe854078d1ac9338744f61a02 -> 
  custom:video-encoder-webm-vp8: eb34c28f22e8b96e1ab97ce403110664 -> 
  custom:audio-encoder-webm-vorbis: bf7c407c2cedff20999df2af8eb42d56 -> 
  custom:framework-win-MediaFoundation: 216162199b28c13a410421893ffa2e32 -> 
  custom:container-demuxer-ogg: 62fdf1f143b41e24485cea50d1cbac27 -> 
  custom:video-decoder-webm-vp8: 9c59270c3fd7afecdb556c50c9e8de78 -> 
  custom:audio-decoder-ogg-vorbis: bf7c407c2cedff20999df2af8eb42d56 -> 
========================================================================
Received Import Request.
  Time since last request: 158023.189184 seconds.
  path: Assets/PolygonOffice/Prefabs/Props/Misc/SM_Prop_Presentation_Chart_01.prefab
  artifactKey: Guid(92e02b6827979e54dab48ccf53eaaa39) Importer(815301076,1909f56bfc062723c751e8b465ee728b)
Start importing Assets/PolygonOffice/Prefabs/Props/Misc/SM_Prop_Presentation_Chart_01.prefab using Guid(92e02b6827979e54dab48ccf53eaaa39) Importer(815301076,1909f56bfc062723c751e8b465ee728b)  -> (artifact id: 'e24d11b6fd6f137dc6ccfc03ae8a8042') in 0.305204 seconds 
========================================================================
Received Import Request.
  Time since last request: 0.000036 seconds.
  path: Assets/PolygonOffice/Models/SM_Prop_Presentation_Chart_01.fbx
  artifactKey: Guid(0efd86c1d776d894890807f51ea0f13d) Importer(815301076,1909f56bfc062723c751e8b465ee728b)
Start importing Assets/PolygonOffice/Models/SM_Prop_Presentation_Chart_01.fbx using Guid(0efd86c1d776d894890807f51ea0f13d) Importer(815301076,1909f56bfc062723c751e8b465ee728b)  -> (artifact id: '6371ea4d00c1d22a07856d56b435892a') in 0.041039 seconds 
========================================================================
Received Import Request.
  Time since last request: 0.000043 seconds.
  path: Assets/PolygonOffice/Models/SM_Prop_Presentation_Chart_01_Convex.asset
  artifactKey: Guid(67af851fdd3ab3b4da7106bc3d6c9a71) Importer(815301076,1909f56bfc062723c751e8b465ee728b)
Start importing Assets/PolygonOffice/Models/SM_Prop_Presentation_Chart_01_Convex.asset using Guid(67af851fdd3ab3b4da7106bc3d6c9a71) Importer(815301076,1909f56bfc062723c751e8b465ee728b)  -> (artifact id: '148addbd0ac18d290cd6e38040bcf98e') in 0.026472 seconds 
========================================================================
Received Import Request.
  Time since last request: 469.958702 seconds.
  path: Assets/Scenes/Accountant.unity
  artifactKey: Guid(111446078ccb4454e971954d44f7a82e) Importer(815301076,1909f56bfc062723c751e8b465ee728b)
Start importing Assets/Scenes/Accountant.unity using Guid(111446078ccb4454e971954d44f7a82e) Importer(815301076,1909f56bfc062723c751e8b465ee728b)  -> (artifact id: 'ef3daec88460ce885b3b7234ed78ed4b') in 0.009148 seconds 
========================================================================
Received Import Request.
  Time since last request: 0.500760 seconds.
  path: Assets/Scenes/HumanResources.unity
  artifactKey: Guid(9f2bc30f173e04a43abf9702841a1609) Importer(815301076,1909f56bfc062723c751e8b465ee728b)
Start importing Assets/Scenes/HumanResources.unity using Guid(9f2bc30f173e04a43abf9702841a1609) Importer(815301076,1909f56bfc062723c751e8b465ee728b)  -> (artifact id: '3d6e2216f99728f75a12f864bed5e039') in 0.007657 seconds 
========================================================================
Received Import Request.
  Time since last request: 0.437158 seconds.
  path: Assets/Scenes/Kitchen.unity
  artifactKey: Guid(f7c6d8b7db6ed45409231a4aa99cdcf9) Importer(815301076,1909f56bfc062723c751e8b465ee728b)
Start importing Assets/Scenes/Kitchen.unity using Guid(f7c6d8b7db6ed45409231a4aa99cdcf9) Importer(815301076,1909f56bfc062723c751e8b465ee728b)  -> (artifact id: 'fafbc59db8c5a557b65cd083b3ce4971') in 0.009397 seconds 
========================================================================
Received Import Request.
  Time since last request: 0.380595 seconds.
  path: Assets/Scenes/Sales.unity
  artifactKey: Guid(e0d5eb6d2c6660541b5cd9b0e2a80016) Importer(815301076,1909f56bfc062723c751e8b465ee728b)
Start importing Assets/Scenes/Sales.unity using Guid(e0d5eb6d2c6660541b5cd9b0e2a80016) Importer(815301076,1909f56bfc062723c751e8b465ee728b)  -> (artifact id: '0fb3dd966762a1f9c08d2151c89c33a6') in 0.009090 seconds 
========================================================================
Received Import Request.
  Time since last request: 152.628002 seconds.
  path: Assets/PolygonOffice/Materials/Misc/PolygonOffice_Material_Screen_01.mat
  artifactKey: Guid(b2fc9034565b6084bb8519fb97146c01) Importer(815301076,1909f56bfc062723c751e8b465ee728b)
Start importing Assets/PolygonOffice/Materials/Misc/PolygonOffice_Material_Screen_01.mat using Guid(b2fc9034565b6084bb8519fb97146c01) Importer(815301076,1909f56bfc062723c751e8b465ee728b)  -> (artifact id: '7b48fc695b37f96f1689e516ab90f260') in 0.043440 seconds 
========================================================================
Received Import Request.
  Time since last request: 0.000049 seconds.
  path: Assets/PolygonOffice/Prefabs/Props/Misc/SM_Prop_GreenScreen_01.prefab
  artifactKey: Guid(6dfc50f09395743489cfcb9228091212) Importer(815301076,1909f56bfc062723c751e8b465ee728b)
Start importing Assets/PolygonOffice/Prefabs/Props/Misc/SM_Prop_GreenScreen_01.prefab using Guid(6dfc50f09395743489cfcb9228091212) Importer(815301076,1909f56bfc062723c751e8b465ee728b)  -> (artifact id: '4bffbfb75d86fcb9eb34d84a04adf713') in 0.038372 seconds 
========================================================================
Received Import Request.
  Time since last request: 0.000031 seconds.
  path: Assets/PolygonOffice/Models/SM_Prop_GreenScreen_02.fbx
  artifactKey: Guid(0ca132b256e435141860a8d72f000136) Importer(815301076,1909f56bfc062723c751e8b465ee728b)
Start importing Assets/PolygonOffice/Models/SM_Prop_GreenScreen_02.fbx using Guid(0ca132b256e435141860a8d72f000136) Importer(815301076,1909f56bfc062723c751e8b465ee728b)  -> (artifact id: '87250343d8b38255e3e4d6c395a60eb9') in 0.020372 seconds 
========================================================================
Received Import Request.
  Time since last request: 0.000059 seconds.
  path: Assets/PolygonOffice/Models/SM_Prop_GreenScreen_01_Convex 1.asset
  artifactKey: Guid(33b24439f1bd6c546a76763472c05f3f) Importer(815301076,1909f56bfc062723c751e8b465ee728b)
Start importing Assets/PolygonOffice/Models/SM_Prop_GreenScreen_01_Convex 1.asset using Guid(33b24439f1bd6c546a76763472c05f3f) Importer(815301076,1909f56bfc062723c751e8b465ee728b)  -> (artifact id: 'be9a726ececdb62aace1a6ec800c1236') in 0.036739 seconds 
========================================================================
Received Import Request.
  Time since last request: 0.000028 seconds.
  path: Assets/PolygonOffice/Models/SM_Prop_GreenScreen_01_Convex.asset
  artifactKey: Guid(2a7d740c2b089dc49817d9061b654402) Importer(815301076,1909f56bfc062723c751e8b465ee728b)
Start importing Assets/PolygonOffice/Models/SM_Prop_GreenScreen_01_Convex.asset using Guid(2a7d740c2b089dc49817d9061b654402) Importer(815301076,1909f56bfc062723c751e8b465ee728b)  -> (artifact id: '92b7aa826a757794ce8828c2c09387c9') in 0.019869 seconds 
========================================================================
Received Import Request.
  Time since last request: 0.000041 seconds.
  path: Assets/PolygonOffice/Materials/Misc/PolygonOffice_Material_Screen_05.mat
  artifactKey: Guid(6468ce8e93c861f4ebaff024ef7cda8d) Importer(815301076,1909f56bfc062723c751e8b465ee728b)
Start importing Assets/PolygonOffice/Materials/Misc/PolygonOffice_Material_Screen_05.mat using Guid(6468ce8e93c861f4ebaff024ef7cda8d) Importer(815301076,1909f56bfc062723c751e8b465ee728b)  -> (artifact id: '90589641d7a90c276392c836c7e11c6c') in 0.015810 seconds 
========================================================================
Received Import Request.
  Time since last request: 0.000053 seconds.
  path: Assets/PolygonOffice/Models/SM_Prop_GreenScreen_01.fbx
  artifactKey: Guid(85947f75d35c5a449b60892810d8ded3) Importer(815301076,1909f56bfc062723c751e8b465ee728b)
Start importing Assets/PolygonOffice/Models/SM_Prop_GreenScreen_01.fbx using Guid(85947f75d35c5a449b60892810d8ded3) Importer(815301076,1909f56bfc062723c751e8b465ee728b)  -> (artifact id: '06abfd5c21785b765a55adc0dab2bafc') in 0.017044 seconds 
========================================================================
Received Import Request.
  Time since last request: 0.000037 seconds.
  path: Assets/PolygonOffice/Materials/Misc/PolygonOffice_Material_Screen_03.mat
  artifactKey: Guid(666c5768a0f54d34295439b7ba464ea6) Importer(815301076,1909f56bfc062723c751e8b465ee728b)
Start importing Assets/PolygonOffice/Materials/Misc/PolygonOffice_Material_Screen_03.mat using Guid(666c5768a0f54d34295439b7ba464ea6) Importer(815301076,1909f56bfc062723c751e8b465ee728b)  -> (artifact id: 'de1b25a2f3103eebfb34273934e62f58') in 0.022491 seconds 
========================================================================
Received Import Request.
  Time since last request: 0.000035 seconds.
  path: Assets/PolygonOffice/Materials/Misc/PolygonOffice_Material_Screen_04.mat
  artifactKey: Guid(0189fe64ce77284408163a57470f42ae) Importer(815301076,1909f56bfc062723c751e8b465ee728b)
Start importing Assets/PolygonOffice/Materials/Misc/PolygonOffice_Material_Screen_04.mat using Guid(0189fe64ce77284408163a57470f42ae) Importer(815301076,1909f56bfc062723c751e8b465ee728b)  -> (artifact id: 'c2d8678a7cbb0e78f6250cab002fa92a') in 0.020002 seconds 
========================================================================
Received Import Request.
  Time since last request: 0.836064 seconds.
  path: Assets/PolygonOffice/Prefabs/Props/Misc/SM_Prop_GreenScreen_02.prefab
  artifactKey: Guid(aa3d1216a0ba24d45b89eec63a62b7d1) Importer(815301076,1909f56bfc062723c751e8b465ee728b)
Start importing Assets/PolygonOffice/Prefabs/Props/Misc/SM_Prop_GreenScreen_02.prefab using Guid(aa3d1216a0ba24d45b89eec63a62b7d1) Importer(815301076,1909f56bfc062723c751e8b465ee728b)  -> (artifact id: '0368a04666c6a8c6d478d78799f62472') in 0.034980 seconds 
========================================================================
Received Import Request.
  Time since last request: 0.000037 seconds.
  path: Assets/PolygonOffice/Models/SM_Prop_Laptop_Folding_01.fbx
  artifactKey: Guid(0f5b5451e8b6c0e46bb35031727e6e05) Importer(815301076,1909f56bfc062723c751e8b465ee728b)
Start importing Assets/PolygonOffice/Models/SM_Prop_Laptop_Folding_01.fbx using Guid(0f5b5451e8b6c0e46bb35031727e6e05) Importer(815301076,1909f56bfc062723c751e8b465ee728b)  -> (artifact id: 'cca0b5cf7addafd6dd5c2c345e6c0968') in 0.034916 seconds 
========================================================================
Received Import Request.
  Time since last request: 0.000023 seconds.
  path: Assets/PolygonOffice/Prefabs/Props/Wall Props/SM_Prop_ProjectorScreen_01.prefab
  artifactKey: Guid(9e619ae75f77fa0438e5d3897ea4348e) Importer(815301076,1909f56bfc062723c751e8b465ee728b)
Start importing Assets/PolygonOffice/Prefabs/Props/Wall Props/SM_Prop_ProjectorScreen_01.prefab using Guid(9e619ae75f77fa0438e5d3897ea4348e) Importer(815301076,1909f56bfc062723c751e8b465ee728b)  -> (artifact id: 'a8cb60f7d0802968a868bae075932564') in 0.061468 seconds 
========================================================================
Received Import Request.
  Time since last request: 0.000031 seconds.
  path: Assets/PolygonOffice/Models/SM_Prop_ProjectorScreen_02_Down.fbx
  artifactKey: Guid(87f2d27adcd1ecc4aa75f7842e12f8df) Importer(815301076,1909f56bfc062723c751e8b465ee728b)
Start importing Assets/PolygonOffice/Models/SM_Prop_ProjectorScreen_02_Down.fbx using Guid(87f2d27adcd1ecc4aa75f7842e12f8df) Importer(815301076,1909f56bfc062723c751e8b465ee728b)  -> (artifact id: '91f75372a7062c6acd6655335ed7f9c6') in 0.044971 seconds 
========================================================================
Received Import Request.
  Time since last request: 0.000053 seconds.
  path: Assets/PolygonOffice/Models/SM_Prop_ProjectorScreen_01_Convex.asset
  artifactKey: Guid(3a6c4c3084baab34587274015e540429) Importer(815301076,1909f56bfc062723c751e8b465ee728b)
Start importing Assets/PolygonOffice/Models/SM_Prop_ProjectorScreen_01_Convex.asset using Guid(3a6c4c3084baab34587274015e540429) Importer(815301076,1909f56bfc062723c751e8b465ee728b)  -> (artifact id: '9700b001c03f478a0d346e933d7cbfca') in 0.033466 seconds 
========================================================================
Received Import Request.
  Time since last request: 3.964174 seconds.
  path: Assets/PolygonOffice/Models/SM_Prop_Computer_Monitor_01.fbx
  artifactKey: Guid(fab8316151345d349a8b2097d4c319f0) Importer(815301076,1909f56bfc062723c751e8b465ee728b)
Start importing Assets/PolygonOffice/Models/SM_Prop_Computer_Monitor_01.fbx using Guid(fab8316151345d349a8b2097d4c319f0) Importer(815301076,1909f56bfc062723c751e8b465ee728b)  -> (artifact id: '349368147cf84789adbf3008c0ed97e3') in 0.022399 seconds 
========================================================================
Received Import Request.
  Time since last request: 0.000029 seconds.
  path: Assets/PolygonOffice/Models/SM_Prop_Computer_Monitor_02_Convex.asset
  artifactKey: Guid(a256c236ff576e74c8e5bc2a7fd9163a) Importer(815301076,1909f56bfc062723c751e8b465ee728b)
Start importing Assets/PolygonOffice/Models/SM_Prop_Computer_Monitor_02_Convex.asset using Guid(a256c236ff576e74c8e5bc2a7fd9163a) Importer(815301076,1909f56bfc062723c751e8b465ee728b)  -> (artifact id: '9b4656ba6dc824d67734a0ec774c7a70') in 0.019483 seconds 
========================================================================
Received Import Request.
  Time since last request: 0.000034 seconds.
  path: Assets/PolygonOffice/Models/SM_Prop_Computer_Monitor_02.fbx
  artifactKey: Guid(fd1063547211c154084abeb13478f3b1) Importer(815301076,1909f56bfc062723c751e8b465ee728b)
Start importing Assets/PolygonOffice/Models/SM_Prop_Computer_Monitor_02.fbx using Guid(fd1063547211c154084abeb13478f3b1) Importer(815301076,1909f56bfc062723c751e8b465ee728b)  -> (artifact id: 'd5744ce3162b1fa657b6c8206ba746c2') in 0.024209 seconds 
========================================================================
Received Import Request.
  Time since last request: 0.000038 seconds.
  path: Assets/PolygonOffice/Prefabs/Props/Desk Props/SM_Prop_Computer_Monitor_02.prefab
  artifactKey: Guid(4f1d56b69ce731149ab378a45371cfc5) Importer(815301076,1909f56bfc062723c751e8b465ee728b)
Start importing Assets/PolygonOffice/Prefabs/Props/Desk Props/SM_Prop_Computer_Monitor_02.prefab using Guid(4f1d56b69ce731149ab378a45371cfc5) Importer(815301076,1909f56bfc062723c751e8b465ee728b)  -> (artifact id: '841a662c9d4c2c506aa35026c720e466') in 0.044294 seconds 
========================================================================
Received Import Request.
  Time since last request: 0.000024 seconds.
  path: Assets/PolygonOffice/Models/SM_Prop_Computer_Monitor_03_Convex.asset
  artifactKey: Guid(39c7644664d885c4ca6ccb73be22c095) Importer(815301076,1909f56bfc062723c751e8b465ee728b)
Start importing Assets/PolygonOffice/Models/SM_Prop_Computer_Monitor_03_Convex.asset using Guid(39c7644664d885c4ca6ccb73be22c095) Importer(815301076,1909f56bfc062723c751e8b465ee728b)  -> (artifact id: 'eed12b24faa15c12ad4d937d6cf3ea92') in 0.019814 seconds 
========================================================================
Received Import Request.
  Time since last request: 3.454606 seconds.
  path: Assets/PolygonOffice/Prefabs/Props/Desk Props/SM_Prop_Computer_Monitor_04.prefab
  artifactKey: Guid(f913d63706cc5604086d57e00c3bcb9b) Importer(815301076,1909f56bfc062723c751e8b465ee728b)
Start importing Assets/PolygonOffice/Prefabs/Props/Desk Props/SM_Prop_Computer_Monitor_04.prefab using Guid(f913d63706cc5604086d57e00c3bcb9b) Importer(815301076,1909f56bfc062723c751e8b465ee728b)  -> (artifact id: 'f4dfe93352acb7c3ae4f9a593dcf19de') in 0.044252 seconds 
========================================================================
Received Import Request.
  Time since last request: 40.668456 seconds.
  path: Assets/PolygonOffice/Models/SM_Prop_Whiteboard_01.fbx
  artifactKey: Guid(f310008cf3acdd24782f972b612c18fc) Importer(815301076,1909f56bfc062723c751e8b465ee728b)
Start importing Assets/PolygonOffice/Models/SM_Prop_Whiteboard_01.fbx using Guid(f310008cf3acdd24782f972b612c18fc) Importer(815301076,1909f56bfc062723c751e8b465ee728b)  -> (artifact id: '082e63ff29275076c15a8384711cac08') in 0.022945 seconds 
========================================================================
Received Import Request.
  Time since last request: 0.000029 seconds.
  path: Assets/PolygonOffice/Models/SM_Prop_Whiteboard_01_Convex.asset
  artifactKey: Guid(7b60646e7b9bbe94886aeb64c6fecf02) Importer(815301076,1909f56bfc062723c751e8b465ee728b)
Start importing Assets/PolygonOffice/Models/SM_Prop_Whiteboard_01_Convex.asset using Guid(7b60646e7b9bbe94886aeb64c6fecf02) Importer(815301076,1909f56bfc062723c751e8b465ee728b)  -> (artifact id: '91fda8dc93c3ace4c69eb0b5c7eb1460') in 0.017749 seconds 
========================================================================
Received Import Request.
  Time since last request: 0.000031 seconds.
  path: Assets/PolygonOffice/Models/SM_Prop_Whiteboard_02_Convex.asset
  artifactKey: Guid(4e71c27852d7d3c4c97bc825e6e3c921) Importer(815301076,1909f56bfc062723c751e8b465ee728b)
Start importing Assets/PolygonOffice/Models/SM_Prop_Whiteboard_02_Convex.asset using Guid(4e71c27852d7d3c4c97bc825e6e3c921) Importer(815301076,1909f56bfc062723c751e8b465ee728b)  -> (artifact id: 'bd671b6de79de93a9df660a7c861beba') in 0.030919 seconds 
========================================================================
Received Import Request.
  Time since last request: 55.933841 seconds.
  path: Assets/PolygonOffice/Textures/PolygonOffice_Texture_01_C.png
  artifactKey: Guid(4d95b1fe8ee5e1649a5163d391c9ef88) Importer(815301076,1909f56bfc062723c751e8b465ee728b)
Start importing Assets/PolygonOffice/Textures/PolygonOffice_Texture_01_C.png using Guid(4d95b1fe8ee5e1649a5163d391c9ef88) Importer(815301076,1909f56bfc062723c751e8b465ee728b)  -> (artifact id: 'da6edd6e8cee29ef6559401d76dd18bd') in 0.039095 seconds 
========================================================================
Received Import Request.
  Time since last request: 1.175244 seconds.
  path: Assets/PolygonOffice/Textures/PolygonOffice_Texture_02_A.png
  artifactKey: Guid(aa02daf680a4ac64bb12d001f5959a59) Importer(815301076,1909f56bfc062723c751e8b465ee728b)
Start importing Assets/PolygonOffice/Textures/PolygonOffice_Texture_02_A.png using Guid(aa02daf680a4ac64bb12d001f5959a59) Importer(815301076,1909f56bfc062723c751e8b465ee728b)  -> (artifact id: '42c8a97bc1bb6a72e0f55e0e700f9c04') in 0.020163 seconds 
========================================================================
Received Import Request.
  Time since last request: 1.986892 seconds.
  path: Assets/PolygonOffice/Textures/PolygonOffice_Texture_02_B.png
  artifactKey: Guid(ac036a7c7dac107498b6705016cc3712) Importer(815301076,1909f56bfc062723c751e8b465ee728b)
Start importing Assets/PolygonOffice/Textures/PolygonOffice_Texture_02_B.png using Guid(ac036a7c7dac107498b6705016cc3712) Importer(815301076,1909f56bfc062723c751e8b465ee728b)  -> (artifact id: '235c1b5dbc54a6c3d93a663f8772153f') in 0.023448 seconds 
========================================================================
Received Import Request.
  Time since last request: 51.063985 seconds.
  path: Assets/PolygonOffice/Models/SM_Prop_Cord_Desk_01.fbx
  artifactKey: Guid(9199ef16e1603fa4a95a3ff94aecb305) Importer(815301076,1909f56bfc062723c751e8b465ee728b)
Start importing Assets/PolygonOffice/Models/SM_Prop_Cord_Desk_01.fbx using Guid(9199ef16e1603fa4a95a3ff94aecb305) Importer(815301076,1909f56bfc062723c751e8b465ee728b)  -> (artifact id: 'd85b4e384d17329871b5f4398c76559e') in 0.024515 seconds 
========================================================================
Received Import Request.
  Time since last request: 0.000034 seconds.
  path: Assets/PolygonOffice/Models/SM_Prop_Desk_01.fbx
  artifactKey: Guid(45bb5253d02bbcd4eb858e9e7bbf05eb) Importer(815301076,1909f56bfc062723c751e8b465ee728b)
Start importing Assets/PolygonOffice/Models/SM_Prop_Desk_01.fbx using Guid(45bb5253d02bbcd4eb858e9e7bbf05eb) Importer(815301076,1909f56bfc062723c751e8b465ee728b)  -> (artifact id: '5ae5968854135dfb63f8410fe0186531') in 0.023910 seconds 
========================================================================
Received Import Request.
  Time since last request: 0.000046 seconds.
  path: Assets/PolygonOffice/Models/SM_Prop_Cord_Desk_01_Convex.asset
  artifactKey: Guid(280795f31b6fcff4784e55cd55e68452) Importer(815301076,1909f56bfc062723c751e8b465ee728b)
Start importing Assets/PolygonOffice/Models/SM_Prop_Cord_Desk_01_Convex.asset using Guid(280795f31b6fcff4784e55cd55e68452) Importer(815301076,1909f56bfc062723c751e8b465ee728b)  -> (artifact id: 'dff10cb8972ea3ebee54754f644294af') in 0.019175 seconds 
========================================================================
Received Import Request.
  Time since last request: 0.000032 seconds.
  path: Assets/PolygonOffice/Models/SM_Prop_Cord_Desk_02.fbx
  artifactKey: Guid(dcf96bdfd06f8d24297bb1dfd7d6e270) Importer(815301076,1909f56bfc062723c751e8b465ee728b)
Start importing Assets/PolygonOffice/Models/SM_Prop_Cord_Desk_02.fbx using Guid(dcf96bdfd06f8d24297bb1dfd7d6e270) Importer(815301076,1909f56bfc062723c751e8b465ee728b)  -> (artifact id: 'accd0cd47a4187fcd9f149f16d1db756') in 0.020228 seconds 
========================================================================
Received Import Request.
  Time since last request: 0.000022 seconds.
  path: Assets/PolygonOffice/Models/SM_Prop_Cord_Desk_02_Convex 1.asset
  artifactKey: Guid(f5d74585fab7e33409700f209a7252b5) Importer(815301076,1909f56bfc062723c751e8b465ee728b)
Start importing Assets/PolygonOffice/Models/SM_Prop_Cord_Desk_02_Convex 1.asset using Guid(f5d74585fab7e33409700f209a7252b5) Importer(815301076,1909f56bfc062723c751e8b465ee728b)  -> (artifact id: '5efea3279e0ce347f556b6b72d5daf72') in 0.033694 seconds 
========================================================================
Received Import Request.
  Time since last request: 1.306931 seconds.
  path: Assets/PolygonOffice/Prefabs/Props/Furniture/SM_Prop_Desk_01.prefab
  artifactKey: Guid(d9c662c94d0879f4c8b8f505f55299d8) Importer(815301076,1909f56bfc062723c751e8b465ee728b)
Start importing Assets/PolygonOffice/Prefabs/Props/Furniture/SM_Prop_Desk_01.prefab using Guid(d9c662c94d0879f4c8b8f505f55299d8) Importer(815301076,1909f56bfc062723c751e8b465ee728b)  -> (artifact id: '24e9ac681ea031bb8035c617127dda2a') in 0.124530 seconds 
========================================================================
Received Import Request.
  Time since last request: 0.000036 seconds.
  path: Assets/PolygonOffice/Models/SM_Prop_Desk_02_Convex.asset
  artifactKey: Guid(4ddf5a5f67b220444a014ae16f18a1e1) Importer(815301076,1909f56bfc062723c751e8b465ee728b)
Start importing Assets/PolygonOffice/Models/SM_Prop_Desk_02_Convex.asset using Guid(4ddf5a5f67b220444a014ae16f18a1e1) Importer(815301076,1909f56bfc062723c751e8b465ee728b)  -> (artifact id: '78cebe8d7766764ddcd9040d4bb8e107') in 0.032683 seconds 
========================================================================
Received Import Request.
  Time since last request: 0.000037 seconds.
  path: Assets/PolygonOffice/Prefabs/Props/Furniture/SM_Prop_Desk_03.prefab
  artifactKey: Guid(2cbdb7aa28ac8494484bc599cc1df917) Importer(815301076,1909f56bfc062723c751e8b465ee728b)
Start importing Assets/PolygonOffice/Prefabs/Props/Furniture/SM_Prop_Desk_03.prefab using Guid(2cbdb7aa28ac8494484bc599cc1df917) Importer(815301076,1909f56bfc062723c751e8b465ee728b)  -> (artifact id: '5a7a8f9942445b74a412584a845930b7') in 0.039014 seconds 
========================================================================
Received Import Request.
  Time since last request: 0.000033 seconds.
  path: Assets/PolygonOffice/Models/SM_Prop_Desk_03_Convex.asset
  artifactKey: Guid(74d662ef589dd8749806310b3293fbfd) Importer(815301076,1909f56bfc062723c751e8b465ee728b)
Start importing Assets/PolygonOffice/Models/SM_Prop_Desk_03_Convex.asset using Guid(74d662ef589dd8749806310b3293fbfd) Importer(815301076,1909f56bfc062723c751e8b465ee728b)  -> (artifact id: 'a51fec72d4827c215e60a8b360464909') in 0.021132 seconds 
========================================================================
Received Import Request.
  Time since last request: 157.418713 seconds.
  path: Assets/PolygonOffice/Models/SM_Prop_Poster_01.fbx
  artifactKey: Guid(3092095f0a984ae4a8eab16979eb38bc) Importer(815301076,1909f56bfc062723c751e8b465ee728b)
Start importing Assets/PolygonOffice/Models/SM_Prop_Poster_01.fbx using Guid(3092095f0a984ae4a8eab16979eb38bc) Importer(815301076,1909f56bfc062723c751e8b465ee728b)  -> (artifact id: '8fe684fb51b48a0ecf9e4f46249ddeda') in 0.023940 seconds 
========================================================================
Received Import Request.
  Time since last request: 0.000037 seconds.
  path: Assets/PolygonOffice/Models/SM_Prop_Poster_03_Convex.asset
  artifactKey: Guid(aa20aacad6542874381a65ab530ff4d7) Importer(815301076,1909f56bfc062723c751e8b465ee728b)
Start importing Assets/PolygonOffice/Models/SM_Prop_Poster_03_Convex.asset using Guid(aa20aacad6542874381a65ab530ff4d7) Importer(815301076,1909f56bfc062723c751e8b465ee728b)  -> (artifact id: 'c4cd34e742cf5142076b5bc9963a49e9') in 0.019169 seconds 
========================================================================
Received Import Request.
  Time since last request: 0.000029 seconds.
  path: Assets/PolygonOffice/Models/SM_Prop_Poster_04.fbx
  artifactKey: Guid(580f40816a23f9c4b85ef62399f2177b) Importer(815301076,1909f56bfc062723c751e8b465ee728b)
Start importing Assets/PolygonOffice/Models/SM_Prop_Poster_04.fbx using Guid(580f40816a23f9c4b85ef62399f2177b) Importer(815301076,1909f56bfc062723c751e8b465ee728b)  -> (artifact id: '9889756781930ae07d3cf24aaa9466ff') in 0.027218 seconds 
========================================================================
Received Import Request.
  Time since last request: 0.000036 seconds.
  path: Assets/PolygonOffice/Models/SM_Prop_Poster_02.fbx
  artifactKey: Guid(4a4481cf458117d42bae0197ca1eb35e) Importer(815301076,1909f56bfc062723c751e8b465ee728b)
Start importing Assets/PolygonOffice/Models/SM_Prop_Poster_02.fbx using Guid(4a4481cf458117d42bae0197ca1eb35e) Importer(815301076,1909f56bfc062723c751e8b465ee728b)  -> (artifact id: '88c1bc2c5c55e79b1b39bf111cd85e3d') in 0.023508 seconds 
========================================================================
Received Import Request.
  Time since last request: 0.000029 seconds.
  path: Assets/PolygonOffice/Models/SM_Prop_Poster_01_Convex.asset
  artifactKey: Guid(8de2598ec40ca9740a0cd8c17074b21f) Importer(815301076,1909f56bfc062723c751e8b465ee728b)
Start importing Assets/PolygonOffice/Models/SM_Prop_Poster_01_Convex.asset using Guid(8de2598ec40ca9740a0cd8c17074b21f) Importer(815301076,1909f56bfc062723c751e8b465ee728b)  -> (artifact id: 'c08d68f99561bd12b95621984b249398') in 0.017895 seconds 
========================================================================
Received Import Request.
  Time since last request: 0.000036 seconds.
  path: Assets/PolygonOffice/Prefabs/Props/Wall Props/SM_Prop_Poster_03.prefab
  artifactKey: Guid(c580d3da5e40950409c72b0dae8d6984) Importer(815301076,1909f56bfc062723c751e8b465ee728b)
Start importing Assets/PolygonOffice/Prefabs/Props/Wall Props/SM_Prop_Poster_03.prefab using Guid(c580d3da5e40950409c72b0dae8d6984) Importer(815301076,1909f56bfc062723c751e8b465ee728b)  -> (artifact id: '8dc57df0cdcdc9506245969310f97e20') in 0.032190 seconds 
========================================================================
Received Import Request.
  Time since last request: 21.542433 seconds.
  path: Assets/PolygonOffice/Models/SM_Prop_Figure_Cowgirl_01.fbx
  artifactKey: Guid(3db82dbdb88d26f4eb4ba9596f4ec279) Importer(815301076,1909f56bfc062723c751e8b465ee728b)
Start importing Assets/PolygonOffice/Models/SM_Prop_Figure_Cowgirl_01.fbx using Guid(3db82dbdb88d26f4eb4ba9596f4ec279) Importer(815301076,1909f56bfc062723c751e8b465ee728b)  -> (artifact id: '1e899b73f63786a9bc56aca5d2ff5a1e') in 0.021595 seconds 
========================================================================
Received Import Request.
  Time since last request: 0.000055 seconds.
  path: Assets/PolygonOffice/Models/SM_Prop_Figure_Knight_01.fbx
  artifactKey: Guid(560d310f50c23aa4aa24468bc61d37ed) Importer(815301076,1909f56bfc062723c751e8b465ee728b)
Start importing Assets/PolygonOffice/Models/SM_Prop_Figure_Knight_01.fbx using Guid(560d310f50c23aa4aa24468bc61d37ed) Importer(815301076,1909f56bfc062723c751e8b465ee728b)  -> (artifact id: 'ea0e85947cdc9810308f1ed0bba74c1b') in 0.023086 seconds 
========================================================================
Received Import Request.
  Time since last request: 0.000038 seconds.
  path: Assets/PolygonOffice/Models/SM_Prop_Figure_Viking_01.fbx
  artifactKey: Guid(6e585f25044d9fe49b185b7566fe6945) Importer(815301076,1909f56bfc062723c751e8b465ee728b)
Start importing Assets/PolygonOffice/Models/SM_Prop_Figure_Viking_01.fbx using Guid(6e585f25044d9fe49b185b7566fe6945) Importer(815301076,1909f56bfc062723c751e8b465ee728b)  -> (artifact id: '6145f456f4b530e293f302fe430d0b7b') in 0.019913 seconds 
========================================================================
Received Import Request.
  Time since last request: 0.000037 seconds.
  path: Assets/PolygonOffice/Models/SM_Prop_Figure_Goblin_01.fbx
  artifactKey: Guid(04d7599deb9596d418ffb4c685371306) Importer(815301076,1909f56bfc062723c751e8b465ee728b)
Start importing Assets/PolygonOffice/Models/SM_Prop_Figure_Goblin_01.fbx using Guid(04d7599deb9596d418ffb4c685371306) Importer(815301076,1909f56bfc062723c751e8b465ee728b)  -> (artifact id: '41275a2cb90779a26eb224ac96b0740e') in 0.027512 seconds 
========================================================================
Received Import Request.
  Time since last request: 0.000026 seconds.
  path: Assets/PolygonOffice/Prefabs/Props/Desk Props/SM_Prop_Figure_Knight_01.prefab
  artifactKey: Guid(05e4a4c12a7c78a429c9264bdad89d25) Importer(815301076,1909f56bfc062723c751e8b465ee728b)
Start importing Assets/PolygonOffice/Prefabs/Props/Desk Props/SM_Prop_Figure_Knight_01.prefab using Guid(05e4a4c12a7c78a429c9264bdad89d25) Importer(815301076,1909f56bfc062723c751e8b465ee728b)  -> (artifact id: '22cad5c1441ceb5b44bf1fcf74a1c19f') in 0.044252 seconds 
========================================================================
Received Import Request.
  Time since last request: 17.591682 seconds.
  path: Assets/PolygonOffice/Prefabs/Props/Desk Props/SM_Prop_Figure_Viking_01.prefab
  artifactKey: Guid(83129566fb442e7419120e0320bbf973) Importer(815301076,1909f56bfc062723c751e8b465ee728b)
Start importing Assets/PolygonOffice/Prefabs/Props/Desk Props/SM_Prop_Figure_Viking_01.prefab using Guid(83129566fb442e7419120e0320bbf973) Importer(815301076,1909f56bfc062723c751e8b465ee728b)  -> (artifact id: 'ecbc5c088cd1e49c103000913bb70eb7') in 0.055304 seconds 
========================================================================
Received Import Request.
  Time since last request: 61.242782 seconds.
  path: Assets/PolygonOffice/Prefabs/Props/Wall Props/SM_Prop_Poster_04.prefab
  artifactKey: Guid(7ac38c1fd2cd8b84aae18f844ebd7084) Importer(815301076,1909f56bfc062723c751e8b465ee728b)
Start importing Assets/PolygonOffice/Prefabs/Props/Wall Props/SM_Prop_Poster_04.prefab using Guid(7ac38c1fd2cd8b84aae18f844ebd7084) Importer(815301076,1909f56bfc062723c751e8b465ee728b)  -> (artifact id: 'c71e53a3c4b4a8cb29a667f89691c469') in 0.046363 seconds 
========================================================================
Received Import Request.
  Time since last request: 0.099462 seconds.
  path: Assets/PolygonOffice/Models/SM_Prop_Poster_Stocks_01.fbx
  artifactKey: Guid(d2df26aba24abd343a5d7e7913be01c0) Importer(815301076,1909f56bfc062723c751e8b465ee728b)
Start importing Assets/PolygonOffice/Models/SM_Prop_Poster_Stocks_01.fbx using Guid(d2df26aba24abd343a5d7e7913be01c0) Importer(815301076,1909f56bfc062723c751e8b465ee728b)  -> (artifact id: '4874cd6c64b18f57276b218a3c0f144e') in 0.023937 seconds 
========================================================================
Received Import Request.
  Time since last request: 11.216844 seconds.
  path: Assets/PolygonOffice/Models/SM_Prop_Poster_Stocks_01_Convex.asset
  artifactKey: Guid(ac221d88c7c7d2043b941e3f3fa6ba3d) Importer(815301076,1909f56bfc062723c751e8b465ee728b)
Start importing Assets/PolygonOffice/Models/SM_Prop_Poster_Stocks_01_Convex.asset using Guid(ac221d88c7c7d2043b941e3f3fa6ba3d) Importer(815301076,1909f56bfc062723c751e8b465ee728b)  -> (artifact id: '0accb6696bf5c8063ac4684400600e5e') in 0.015673 seconds 
========================================================================
Received Import Request.
  Time since last request: 33.618965 seconds.
  path: Assets/PolygonOffice/Prefabs/Props/Wall Props/SM_Prop_Poster_04.prefab
  artifactKey: Guid(7ac38c1fd2cd8b84aae18f844ebd7084) Importer(815301076,1909f56bfc062723c751e8b465ee728b)
Start importing Assets/PolygonOffice/Prefabs/Props/Wall Props/SM_Prop_Poster_04.prefab using Guid(7ac38c1fd2cd8b84aae18f844ebd7084) Importer(815301076,1909f56bfc062723c751e8b465ee728b)  -> (artifact id: 'f5731c16cf47b4b8bc9c95bff1fc2e24') in 0.033922 seconds 
========================================================================
Received Import Request.
  Time since last request: 18.590385 seconds.
  path: Assets/PolygonOffice/Prefabs/Props/Wall Props/SM_Prop_Poster_03.prefab
  artifactKey: Guid(c580d3da5e40950409c72b0dae8d6984) Importer(815301076,1909f56bfc062723c751e8b465ee728b)
Start importing Assets/PolygonOffice/Prefabs/Props/Wall Props/SM_Prop_Poster_03.prefab using Guid(c580d3da5e40950409c72b0dae8d6984) Importer(815301076,1909f56bfc062723c751e8b465ee728b)  -> (artifact id: '8f17ebe289dd55aff2eaf22303eedda5') in 0.027331 seconds 
========================================================================
Received Import Request.
  Time since last request: 0.046886 seconds.
  path: Assets/PolygonOffice/Prefabs/Props/Wall Props/SM_Prop_Poster_01.prefab
  artifactKey: Guid(7939d7d0228420b4485c5a07b62b54d0) Importer(815301076,1909f56bfc062723c751e8b465ee728b)
Start importing Assets/PolygonOffice/Prefabs/Props/Wall Props/SM_Prop_Poster_01.prefab using Guid(7939d7d0228420b4485c5a07b62b54d0) Importer(815301076,1909f56bfc062723c751e8b465ee728b)  -> (artifact id: '0e80a10dac2baee3b4a50d5ef8347f6d') in 0.026454 seconds 
========================================================================
Received Import Request.
  Time since last request: 9.021070 seconds.
  path: Assets/Office_prefabs/Sales Office.prefab
  artifactKey: Guid(d4ae3e4c5c10a5d4faaa0e3381ce4eb7) Importer(815301076,1909f56bfc062723c751e8b465ee728b)
Start importing Assets/Office_prefabs/Sales Office.prefab using Guid(d4ae3e4c5c10a5d4faaa0e3381ce4eb7) Importer(815301076,1909f56bfc062723c751e8b465ee728b)  -> (artifact id: 'aa45ffff319474fdfd57f34d15f9506a') in 0.101870 seconds 
