Using pre-set license
Built from '2021.3/release' branch; Version is '2021.3.12f1 (8af3c3e441b1) revision 9106371'; Using compiler version '192829333'; Build Type 'Release'
OS: 'Windows 10  (10.0.19045) 64bit Core' Language: 'en' Physical Memory: 16335 MB
BatchMode: 1, IsHumanControllingUs: 0, StartBugReporterOnCrash: 0, Is64bit: 1, IsPro: 1

COMMAND LINE ARGUMENTS:
C:\Program Files\Unity\Hub\Editor\2021.3.12f1\Editor\Unity.exe
-adb2
-batchMode
-noUpm
-name
AssetImportWorker1
-projectPath
C:/Users/Batman/Unionizer
-logFile
Logs/AssetImportWorker1.log
-srvPort
56581
Successfully changed project path to: C:/Users/Batman/Unionizer
C:/Users/Batman/Unionizer
[UnityMemory] Configuration Parameters - Can be set up in boot.config
    "memorysetup-bucket-allocator-granularity=16"
    "memorysetup-bucket-allocator-bucket-count=8"
    "memorysetup-bucket-allocator-block-size=33554432"
    "memorysetup-bucket-allocator-block-count=8"
    "memorysetup-main-allocator-block-size=16777216"
    "memorysetup-thread-allocator-block-size=16777216"
    "memorysetup-gfx-main-allocator-block-size=16777216"
    "memorysetup-gfx-thread-allocator-block-size=16777216"
    "memorysetup-cache-allocator-block-size=4194304"
    "memorysetup-typetree-allocator-block-size=2097152"
    "memorysetup-profiler-bucket-allocator-granularity=16"
    "memorysetup-profiler-bucket-allocator-bucket-count=8"
    "memorysetup-profiler-bucket-allocator-block-size=33554432"
    "memorysetup-profiler-bucket-allocator-block-count=8"
    "memorysetup-profiler-allocator-block-size=16777216"
    "memorysetup-profiler-editor-allocator-block-size=1048576"
    "memorysetup-temp-allocator-size-main=16777216"
    "memorysetup-job-temp-allocator-block-size=2097152"
    "memorysetup-job-temp-allocator-block-size-background=1048576"
    "memorysetup-job-temp-allocator-reduction-small-platforms=262144"
    "memorysetup-temp-allocator-size-background-worker=32768"
    "memorysetup-temp-allocator-size-job-worker=262144"
    "memorysetup-temp-allocator-size-preload-manager=33554432"
    "memorysetup-temp-allocator-size-nav-mesh-worker=65536"
    "memorysetup-temp-allocator-size-audio-worker=65536"
    "memorysetup-temp-allocator-size-cloud-worker=32768"
    "memorysetup-temp-allocator-size-gi-baking-worker=262144"
    "memorysetup-temp-allocator-size-gfx=262144"
Refreshing native plugins compatible for Editor in 149.29 ms, found 3 plugins.
Preloading 0 native plugins for Editor in 0.00 ms.
Initialize engine version: 2021.3.12f1 (8af3c3e441b1)
[Subsystems] Discovering subsystems at path C:/Program Files/Unity/Hub/Editor/2021.3.12f1/Editor/Data/Resources/UnitySubsystems
[Subsystems] Discovering subsystems at path C:/Users/Batman/Unionizer/Assets
GfxDevice: creating device client; threaded=0; jobified=0
Direct3D:
    Version:  Direct3D 11.0 [level 11.1]
    Renderer: NVIDIA GeForce GTX 1050 Ti (ID=0x1c82)
    Vendor:   NVIDIA
    VRAM:     4017 MB
    Driver:   31.0.15.3179
Initialize mono
Mono path[0] = 'C:/Program Files/Unity/Hub/Editor/2021.3.12f1/Editor/Data/Managed'
Mono path[1] = 'C:/Program Files/Unity/Hub/Editor/2021.3.12f1/Editor/Data/MonoBleedingEdge/lib/mono/unityjit-win32'
Mono config path = 'C:/Program Files/Unity/Hub/Editor/2021.3.12f1/Editor/Data/MonoBleedingEdge/etc'
Using monoOptions --debugger-agent=transport=dt_socket,embedding=1,server=y,suspend=n,address=127.0.0.1:56260
Begin MonoManager ReloadAssembly
Registering precompiled unity dll's ...
Register platform support module: C:/Program Files/Unity/Hub/Editor/2021.3.12f1/Editor/Data/PlaybackEngines/WebGLSupport/UnityEditor.WebGL.Extensions.dll
Register platform support module: C:/Program Files/Unity/Hub/Editor/2021.3.12f1/Editor/Data/PlaybackEngines/AndroidPlayer/UnityEditor.Android.Extensions.dll
Register platform support module: C:/Program Files/Unity/Hub/Editor/2021.3.12f1/Editor/Data/PlaybackEngines/WindowsStandaloneSupport/UnityEditor.WindowsStandalone.Extensions.dll
Registered in 0.016347 seconds.
Native extension for WindowsStandalone target not found
Native extension for Android target not found
Native extension for WebGL target not found
Refreshing native plugins compatible for Editor in 143.03 ms, found 3 plugins.
Preloading 0 native plugins for Editor in 0.00 ms.
Mono: successfully reloaded assembly
- Completed reload, in  1.065 seconds
Domain Reload Profiling:
	ReloadAssembly (1065ms)
		BeginReloadAssembly (116ms)
			ExecutionOrderSort (0ms)
			DisableScriptedObjects (0ms)
			BackupInstance (0ms)
			ReleaseScriptingObjects (0ms)
			CreateAndSetChildDomain (1ms)
		EndReloadAssembly (772ms)
			LoadAssemblies (112ms)
			RebuildTransferFunctionScriptingTraits (0ms)
			SetupTypeCache (165ms)
			ReleaseScriptCaches (0ms)
			RebuildScriptCaches (40ms)
			SetupLoadedEditorAssemblies (492ms)
				LogAssemblyErrors (0ms)
				InitializePlatformSupportModulesInManaged (89ms)
				SetLoadedEditorAssemblies (0ms)
				RefreshPlugins (143ms)
				BeforeProcessingInitializeOnLoad (2ms)
				ProcessInitializeOnLoadAttributes (170ms)
				ProcessInitializeOnLoadMethodAttributes (86ms)
				AfterProcessingInitializeOnLoad (0ms)
				EditorAssembliesLoaded (0ms)
			ExecutionOrderSort2 (0ms)
			AwakeInstancesAfterBackupRestoration (0ms)
Platform modules already initialized, skipping
Registering precompiled user dll's ...
Registered in 0.009900 seconds.
Begin MonoManager ReloadAssembly
Symbol file LoadedFromMemory doesn't match image C:\Users\Batman\Unionizer\Library\PackageCache\com.unity.visualscripting@1.7.8\Editor\VisualScripting.Core\Dependencies\YamlDotNet\Unity.VisualScripting.YamlDotNet.dll
Symbol file LoadedFromMemory doesn't match image C:\Users\Batman\Unionizer\Library\PackageCache\com.unity.visualscripting@1.7.8\Editor\VisualScripting.Core\Dependencies\DotNetZip\Unity.VisualScripting.IonicZip.dll
Native extension for WindowsStandalone target not found
Native extension for Android target not found
Native extension for WebGL target not found
Refreshing native plugins compatible for Editor in 0.95 ms, found 3 plugins.
Preloading 0 native plugins for Editor in 0.00 ms.
Mono: successfully reloaded assembly
- Completed reload, in  1.673 seconds
Domain Reload Profiling:
	ReloadAssembly (1674ms)
		BeginReloadAssembly (260ms)
			ExecutionOrderSort (0ms)
			DisableScriptedObjects (9ms)
			BackupInstance (0ms)
			ReleaseScriptingObjects (0ms)
			CreateAndSetChildDomain (126ms)
		EndReloadAssembly (1245ms)
			LoadAssemblies (121ms)
			RebuildTransferFunctionScriptingTraits (0ms)
			SetupTypeCache (403ms)
			ReleaseScriptCaches (1ms)
			RebuildScriptCaches (80ms)
			SetupLoadedEditorAssemblies (573ms)
				LogAssemblyErrors (0ms)
				InitializePlatformSupportModulesInManaged (28ms)
				SetLoadedEditorAssemblies (1ms)
				RefreshPlugins (1ms)
				BeforeProcessingInitializeOnLoad (136ms)
				ProcessInitializeOnLoadAttributes (349ms)
				ProcessInitializeOnLoadMethodAttributes (46ms)
				AfterProcessingInitializeOnLoad (13ms)
				EditorAssembliesLoaded (0ms)
			ExecutionOrderSort2 (0ms)
			AwakeInstancesAfterBackupRestoration (9ms)
Platform modules already initialized, skipping
========================================================================
Worker process is ready to serve import requests
Launched and connected shader compiler UnityShaderCompiler.exe after 0.05 seconds
Refreshing native plugins compatible for Editor in 2.45 ms, found 3 plugins.
Preloading 0 native plugins for Editor in 0.00 ms.
Unloading 3390 Unused Serialized files (Serialized files now loaded: 0)
Unloading 27 unused Assets / (113.8 KB). Loaded Objects now: 3850.
Memory consumption went from 119.9 MB to 119.8 MB.
Total: 5.431400 ms (FindLiveObjects: 0.383200 ms CreateObjectMapping: 0.145500 ms MarkObjects: 4.766900 ms  DeleteObjects: 0.134300 ms)

AssetImportParameters requested are different than current active one (requested -> active):
  custom:video-decoder-ogg-theora: a1e56fd34408186e4bbccfd4996cb3dc -> 
  custom:container-muxer-webm: aa71ff27fc2769a1b78a27578f13a17b -> 
  custom:container-demuxer-webm: 4f35f7cbe854078d1ac9338744f61a02 -> 
  custom:video-encoder-webm-vp8: eb34c28f22e8b96e1ab97ce403110664 -> 
  custom:audio-encoder-webm-vorbis: bf7c407c2cedff20999df2af8eb42d56 -> 
  custom:framework-win-MediaFoundation: 216162199b28c13a410421893ffa2e32 -> 
  custom:container-demuxer-ogg: 62fdf1f143b41e24485cea50d1cbac27 -> 
  custom:video-decoder-webm-vp8: 9c59270c3fd7afecdb556c50c9e8de78 -> 
  custom:audio-decoder-ogg-vorbis: bf7c407c2cedff20999df2af8eb42d56 -> 
========================================================================
Received Import Request.
  Time since last request: 158647.560114 seconds.
  path: Assets/PolygonOffice/Materials/Misc/PolygonOffice_Material_Screen_02.mat
  artifactKey: Guid(c17521e96ec7f27409528e14f95944a1) Importer(815301076,1909f56bfc062723c751e8b465ee728b)
Start importing Assets/PolygonOffice/Materials/Misc/PolygonOffice_Material_Screen_02.mat using Guid(c17521e96ec7f27409528e14f95944a1) Importer(815301076,1909f56bfc062723c751e8b465ee728b)  -> (artifact id: 'e97dec32f861b8b6d49e58ea5ff8625d') in 0.245920 seconds 
========================================================================
Received Import Request.
  Time since last request: 0.000036 seconds.
  path: Assets/PolygonOffice/Materials/Misc/PolygonOffice_Material_Screen_06.mat
  artifactKey: Guid(cee406e736c18544685de2c3bc2b1c2e) Importer(815301076,1909f56bfc062723c751e8b465ee728b)
Start importing Assets/PolygonOffice/Materials/Misc/PolygonOffice_Material_Screen_06.mat using Guid(cee406e736c18544685de2c3bc2b1c2e) Importer(815301076,1909f56bfc062723c751e8b465ee728b)  -> (artifact id: '79be2cac702384653728097ff18f24eb') in 0.022652 seconds 
========================================================================
Received Import Request.
  Time since last request: 0.853866 seconds.
  path: Assets/PolygonOffice/Models/SM_Prop_GreenScreen_02_Convex.asset
  artifactKey: Guid(92d5f23a5fc01e941b14aaebf0478277) Importer(815301076,1909f56bfc062723c751e8b465ee728b)
Start importing Assets/PolygonOffice/Models/SM_Prop_GreenScreen_02_Convex.asset using Guid(92d5f23a5fc01e941b14aaebf0478277) Importer(815301076,1909f56bfc062723c751e8b465ee728b)  -> (artifact id: 'f6f006fa084f4d68b6e3056656c20168') in 0.035072 seconds 
========================================================================
Received Import Request.
  Time since last request: 0.000031 seconds.
  path: Assets/PolygonOffice/Models/SM_Prop_Laptop_Folding_02.fbx
  artifactKey: Guid(1d0113078b8f43b4bb5b32c968025680) Importer(815301076,1909f56bfc062723c751e8b465ee728b)
Start importing Assets/PolygonOffice/Models/SM_Prop_Laptop_Folding_02.fbx using Guid(1d0113078b8f43b4bb5b32c968025680) Importer(815301076,1909f56bfc062723c751e8b465ee728b)  -> (artifact id: '0b4ab8059c4e11e25c19d7f15f15630f') in 0.066879 seconds 
========================================================================
Received Import Request.
  Time since last request: 0.000032 seconds.
  path: Assets/PolygonOffice/Prefabs/Props/Wall Props/SM_Prop_ProjectorScreen_02_Down.prefab
  artifactKey: Guid(ea634ef5668e60a4dbdda0c4079abb88) Importer(815301076,1909f56bfc062723c751e8b465ee728b)
Start importing Assets/PolygonOffice/Prefabs/Props/Wall Props/SM_Prop_ProjectorScreen_02_Down.prefab using Guid(ea634ef5668e60a4dbdda0c4079abb88) Importer(815301076,1909f56bfc062723c751e8b465ee728b)  -> (artifact id: '6476308fc871150764fd8c59d510e4e8') in 0.064402 seconds 
========================================================================
Received Import Request.
  Time since last request: 0.000027 seconds.
  path: Assets/PolygonOffice/Models/SM_Prop_ProjectorScreen_01.fbx
  artifactKey: Guid(45da319bf46baf84e8674f1c4ac5dd4a) Importer(815301076,1909f56bfc062723c751e8b465ee728b)
Start importing Assets/PolygonOffice/Models/SM_Prop_ProjectorScreen_01.fbx using Guid(45da319bf46baf84e8674f1c4ac5dd4a) Importer(815301076,1909f56bfc062723c751e8b465ee728b)  -> (artifact id: '08319144405d79c1fb6d8b9769536228') in 0.019052 seconds 
========================================================================
Received Import Request.
  Time since last request: 3.999471 seconds.
  path: Assets/PolygonOffice/Prefabs/Props/Desk Props/SM_Prop_Computer_Monitor_01.prefab
  artifactKey: Guid(830cb1fbbcb273c4f804922226ab2712) Importer(815301076,1909f56bfc062723c751e8b465ee728b)
Start importing Assets/PolygonOffice/Prefabs/Props/Desk Props/SM_Prop_Computer_Monitor_01.prefab using Guid(830cb1fbbcb273c4f804922226ab2712) Importer(815301076,1909f56bfc062723c751e8b465ee728b)  -> (artifact id: 'a11aa9408eae07eb7cdedc1d448424d5') in 0.031963 seconds 
========================================================================
Received Import Request.
  Time since last request: 0.000033 seconds.
  path: Assets/PolygonOffice/Models/SM_Prop_Computer_Monitor_01_Convex.asset
  artifactKey: Guid(89f4d49f861c89f4884dca713a3db918) Importer(815301076,1909f56bfc062723c751e8b465ee728b)
Start importing Assets/PolygonOffice/Models/SM_Prop_Computer_Monitor_01_Convex.asset using Guid(89f4d49f861c89f4884dca713a3db918) Importer(815301076,1909f56bfc062723c751e8b465ee728b)  -> (artifact id: '9eb5aec4fa5d68d02c3b457c253045f6') in 0.019235 seconds 
========================================================================
Received Import Request.
  Time since last request: 0.000036 seconds.
  path: Assets/PolygonOffice/Models/SM_Prop_Computer_Monitor_03.fbx
  artifactKey: Guid(70ec65a451169734e8b42ad3dbd1fbee) Importer(815301076,1909f56bfc062723c751e8b465ee728b)
Start importing Assets/PolygonOffice/Models/SM_Prop_Computer_Monitor_03.fbx using Guid(70ec65a451169734e8b42ad3dbd1fbee) Importer(815301076,1909f56bfc062723c751e8b465ee728b)  -> (artifact id: '50f1c1aa4026cc6658befaddf9255200') in 0.024230 seconds 
========================================================================
Received Import Request.
  Time since last request: 0.000037 seconds.
  path: Assets/PolygonOffice/Models/SM_Prop_Computer_Monitor_04.fbx
  artifactKey: Guid(25ba1181f1e6bfb4f822afbeddebfee3) Importer(815301076,1909f56bfc062723c751e8b465ee728b)
Start importing Assets/PolygonOffice/Models/SM_Prop_Computer_Monitor_04.fbx using Guid(25ba1181f1e6bfb4f822afbeddebfee3) Importer(815301076,1909f56bfc062723c751e8b465ee728b)  -> (artifact id: '5997b7afbc8ef6fa18e476343e1ca78e') in 0.025646 seconds 
========================================================================
Received Import Request.
  Time since last request: 0.000073 seconds.
  path: Assets/PolygonOffice/Prefabs/Props/Desk Props/SM_Prop_Computer_Monitor_03.prefab
  artifactKey: Guid(6aa7f2f9d653ab646a3ef7c8f33ba8af) Importer(815301076,1909f56bfc062723c751e8b465ee728b)
Start importing Assets/PolygonOffice/Prefabs/Props/Desk Props/SM_Prop_Computer_Monitor_03.prefab using Guid(6aa7f2f9d653ab646a3ef7c8f33ba8af) Importer(815301076,1909f56bfc062723c751e8b465ee728b)  -> (artifact id: '002b053e9237ba38e93578b1b0c1c524') in 0.036065 seconds 
========================================================================
Received Import Request.
  Time since last request: 3.442883 seconds.
  path: Assets/PolygonOffice/Models/SM_Prop_Computer_Monitor_04_Convex.asset
  artifactKey: Guid(0d3a27d607cf670469d58a943391542e) Importer(815301076,1909f56bfc062723c751e8b465ee728b)
Start importing Assets/PolygonOffice/Models/SM_Prop_Computer_Monitor_04_Convex.asset using Guid(0d3a27d607cf670469d58a943391542e) Importer(815301076,1909f56bfc062723c751e8b465ee728b)  -> (artifact id: 'beb2b66787f7debe9b755f3f1ca57db2') in 0.021372 seconds 
========================================================================
Received Import Request.
  Time since last request: 40.690900 seconds.
  path: Assets/PolygonOffice/Prefabs/Props/Misc/SM_Prop_Whiteboard_01.prefab
  artifactKey: Guid(a0fd8c05fd6b26443910141a2867239a) Importer(815301076,1909f56bfc062723c751e8b465ee728b)
Start importing Assets/PolygonOffice/Prefabs/Props/Misc/SM_Prop_Whiteboard_01.prefab using Guid(a0fd8c05fd6b26443910141a2867239a) Importer(815301076,1909f56bfc062723c751e8b465ee728b)  -> (artifact id: 'fcf13de5a40839b189ec88c950ef68b0') in 0.034316 seconds 
========================================================================
Received Import Request.
  Time since last request: 0.000037 seconds.
  path: Assets/PolygonOffice/Models/SM_Prop_Whiteboard_02.fbx
  artifactKey: Guid(a1dd7019ef20288409df9abdd6be7cd8) Importer(815301076,1909f56bfc062723c751e8b465ee728b)
Start importing Assets/PolygonOffice/Models/SM_Prop_Whiteboard_02.fbx using Guid(a1dd7019ef20288409df9abdd6be7cd8) Importer(815301076,1909f56bfc062723c751e8b465ee728b)  -> (artifact id: '0759b01a44edbe6d8353d57fa157c1b6') in 0.033629 seconds 
========================================================================
Received Import Request.
  Time since last request: 0.000030 seconds.
  path: Assets/PolygonOffice/Prefabs/Props/Misc/SM_Prop_Whiteboard_02.prefab
  artifactKey: Guid(7292fde8eb2bb7449adfe41d48581809) Importer(815301076,1909f56bfc062723c751e8b465ee728b)
Start importing Assets/PolygonOffice/Prefabs/Props/Misc/SM_Prop_Whiteboard_02.prefab using Guid(7292fde8eb2bb7449adfe41d48581809) Importer(815301076,1909f56bfc062723c751e8b465ee728b)  -> (artifact id: '0f782a6e479096b97ccb1e7359477aa1') in 0.031229 seconds 
========================================================================
Received Import Request.
  Time since last request: 110.232798 seconds.
  path: Assets/PolygonOffice/Prefabs/Props/Desk Props/SM_Prop_Cord_Desk_01.prefab
  artifactKey: Guid(6e2adaec6c27adc48aae932c839f4e68) Importer(815301076,1909f56bfc062723c751e8b465ee728b)
Start importing Assets/PolygonOffice/Prefabs/Props/Desk Props/SM_Prop_Cord_Desk_01.prefab using Guid(6e2adaec6c27adc48aae932c839f4e68) Importer(815301076,1909f56bfc062723c751e8b465ee728b)  -> (artifact id: 'c018546ba7253fec784d834c036565c7') in 0.043007 seconds 
========================================================================
Received Import Request.
  Time since last request: 0.000035 seconds.
  path: Assets/PolygonOffice/Prefabs/Props/Desk Props/SM_Prop_Cord_Desk_02.prefab
  artifactKey: Guid(f93475dce50d7d54cab55a4406dd031b) Importer(815301076,1909f56bfc062723c751e8b465ee728b)
Start importing Assets/PolygonOffice/Prefabs/Props/Desk Props/SM_Prop_Cord_Desk_02.prefab using Guid(f93475dce50d7d54cab55a4406dd031b) Importer(815301076,1909f56bfc062723c751e8b465ee728b)  -> (artifact id: '44a20e41053b65b63a93f78d1aebd2fd') in 0.036289 seconds 
========================================================================
Received Import Request.
  Time since last request: 0.000033 seconds.
  path: Assets/PolygonOffice/Models/SM_Prop_Cord_Desk_01_Convex 1.asset
  artifactKey: Guid(a05972faf1336344db08b9ac285d614f) Importer(815301076,1909f56bfc062723c751e8b465ee728b)
Start importing Assets/PolygonOffice/Models/SM_Prop_Cord_Desk_01_Convex 1.asset using Guid(a05972faf1336344db08b9ac285d614f) Importer(815301076,1909f56bfc062723c751e8b465ee728b)  -> (artifact id: 'bd124e811aaadbe18a63d8d044b8f5b6') in 0.032851 seconds 
========================================================================
Received Import Request.
  Time since last request: 0.000033 seconds.
  path: Assets/PolygonOffice/Models/SM_Prop_Cord_Desk_02_Convex.asset
  artifactKey: Guid(af318291ddb77774c821af2c271be00a) Importer(815301076,1909f56bfc062723c751e8b465ee728b)
Start importing Assets/PolygonOffice/Models/SM_Prop_Cord_Desk_02_Convex.asset using Guid(af318291ddb77774c821af2c271be00a) Importer(815301076,1909f56bfc062723c751e8b465ee728b)  -> (artifact id: '6dce9285784542e63d0f7fffd49af57b') in 0.017204 seconds 
========================================================================
Received Import Request.
  Time since last request: 1.306073 seconds.
  path: Assets/PolygonOffice/Models/SM_Prop_Desk_01_Convex.asset
  artifactKey: Guid(bcf2c0dcb31eeb2408be88e5e25ee4e8) Importer(815301076,1909f56bfc062723c751e8b465ee728b)
Start importing Assets/PolygonOffice/Models/SM_Prop_Desk_01_Convex.asset using Guid(bcf2c0dcb31eeb2408be88e5e25ee4e8) Importer(815301076,1909f56bfc062723c751e8b465ee728b)  -> (artifact id: '449a59b9c9fdc62dfe127d34cfc406e1') in 0.073967 seconds 
========================================================================
Received Import Request.
  Time since last request: 0.000040 seconds.
  path: Assets/PolygonOffice/Models/SM_Prop_Desk_02.fbx
  artifactKey: Guid(780914ab5fb45a44db45995e3a30edc3) Importer(815301076,1909f56bfc062723c751e8b465ee728b)
Start importing Assets/PolygonOffice/Models/SM_Prop_Desk_02.fbx using Guid(780914ab5fb45a44db45995e3a30edc3) Importer(815301076,1909f56bfc062723c751e8b465ee728b)  -> (artifact id: '971c71208f8c9a34bc22bd1383cba951') in 0.029338 seconds 
========================================================================
Received Import Request.
  Time since last request: 0.000032 seconds.
  path: Assets/PolygonOffice/Prefabs/Props/Furniture/SM_Prop_Desk_02.prefab
  artifactKey: Guid(69a63a128d896934ab76197576ef5440) Importer(815301076,1909f56bfc062723c751e8b465ee728b)
Start importing Assets/PolygonOffice/Prefabs/Props/Furniture/SM_Prop_Desk_02.prefab using Guid(69a63a128d896934ab76197576ef5440) Importer(815301076,1909f56bfc062723c751e8b465ee728b)  -> (artifact id: 'b8199440d8d38883fd3d9dd361f4d9c7') in 0.031764 seconds 
========================================================================
Received Import Request.
  Time since last request: 0.000034 seconds.
  path: Assets/PolygonOffice/Models/SM_Prop_Desk_04.fbx
  artifactKey: Guid(997a72f7dcff717469a672f625197e4d) Importer(815301076,1909f56bfc062723c751e8b465ee728b)
Start importing Assets/PolygonOffice/Models/SM_Prop_Desk_04.fbx using Guid(997a72f7dcff717469a672f625197e4d) Importer(815301076,1909f56bfc062723c751e8b465ee728b)  -> (artifact id: '127a022522c0fd6c6982e57ff77e6b93') in 0.025739 seconds 
========================================================================
Received Import Request.
  Time since last request: 0.000024 seconds.
  path: Assets/PolygonOffice/Models/SM_Prop_Desk_03.fbx
  artifactKey: Guid(2091fd524babc894098930b511c8233a) Importer(815301076,1909f56bfc062723c751e8b465ee728b)
Start importing Assets/PolygonOffice/Models/SM_Prop_Desk_03.fbx using Guid(2091fd524babc894098930b511c8233a) Importer(815301076,1909f56bfc062723c751e8b465ee728b)  -> (artifact id: '0bcca406b9f1192a3972a9c2d3202d49') in 0.020745 seconds 
========================================================================
Received Import Request.
  Time since last request: 157.434599 seconds.
  path: Assets/PolygonOffice/Prefabs/Props/Wall Props/SM_Prop_Poster_01.prefab
  artifactKey: Guid(7939d7d0228420b4485c5a07b62b54d0) Importer(815301076,1909f56bfc062723c751e8b465ee728b)
Start importing Assets/PolygonOffice/Prefabs/Props/Wall Props/SM_Prop_Poster_01.prefab using Guid(7939d7d0228420b4485c5a07b62b54d0) Importer(815301076,1909f56bfc062723c751e8b465ee728b)  -> (artifact id: 'f1d1e099482cd4269d10999d048cdfba') in 0.034499 seconds 
========================================================================
Received Import Request.
  Time since last request: 0.000029 seconds.
  path: Assets/PolygonOffice/Models/SM_Prop_Poster_02_Convex.asset
  artifactKey: Guid(fbe5eeff128bad54dbef7239f29e4cbe) Importer(815301076,1909f56bfc062723c751e8b465ee728b)
Start importing Assets/PolygonOffice/Models/SM_Prop_Poster_02_Convex.asset using Guid(fbe5eeff128bad54dbef7239f29e4cbe) Importer(815301076,1909f56bfc062723c751e8b465ee728b)  -> (artifact id: 'c8a3200f5601e0e1c36d076df1e06e2b') in 0.019392 seconds 
========================================================================
Received Import Request.
  Time since last request: 0.000031 seconds.
  path: Assets/PolygonOffice/Prefabs/Props/Wall Props/SM_Prop_Poster_02.prefab
  artifactKey: Guid(fc9805729e1eeed40ba9778ee65a675e) Importer(815301076,1909f56bfc062723c751e8b465ee728b)
Start importing Assets/PolygonOffice/Prefabs/Props/Wall Props/SM_Prop_Poster_02.prefab using Guid(fc9805729e1eeed40ba9778ee65a675e) Importer(815301076,1909f56bfc062723c751e8b465ee728b)  -> (artifact id: '2f6985dfe7146c2e7490c38eb76833d2') in 0.039870 seconds 
========================================================================
Received Import Request.
  Time since last request: 0.000166 seconds.
  path: Assets/PolygonOffice/Models/SM_Prop_Poster_03.fbx
  artifactKey: Guid(0316f9649a5509c4689a229082667a0c) Importer(815301076,1909f56bfc062723c751e8b465ee728b)
Start importing Assets/PolygonOffice/Models/SM_Prop_Poster_03.fbx using Guid(0316f9649a5509c4689a229082667a0c) Importer(815301076,1909f56bfc062723c751e8b465ee728b)  -> (artifact id: 'e6b7599c88acb1774ddf0a3a7e6a73fd') in 0.023322 seconds 
========================================================================
Received Import Request.
  Time since last request: 21.581266 seconds.
  path: Assets/PolygonOffice/Prefabs/Props/Desk Props/SM_Prop_Figure_Cowgirl_01.prefab
  artifactKey: Guid(4cdbf04926831264599645c7bd8e0aba) Importer(815301076,1909f56bfc062723c751e8b465ee728b)
Start importing Assets/PolygonOffice/Prefabs/Props/Desk Props/SM_Prop_Figure_Cowgirl_01.prefab using Guid(4cdbf04926831264599645c7bd8e0aba) Importer(815301076,1909f56bfc062723c751e8b465ee728b)  -> (artifact id: 'af0aedc3b1695a8848fab0e82a24f7b0') in 0.032214 seconds 
========================================================================
Received Import Request.
  Time since last request: 0.000033 seconds.
  path: Assets/PolygonOffice/Models/SM_Prop_Figure_Goblin_01_Convex.asset
  artifactKey: Guid(5aaaf18db451fe2458bfb583631cb075) Importer(815301076,1909f56bfc062723c751e8b465ee728b)
Start importing Assets/PolygonOffice/Models/SM_Prop_Figure_Goblin_01_Convex.asset using Guid(5aaaf18db451fe2458bfb583631cb075) Importer(815301076,1909f56bfc062723c751e8b465ee728b)  -> (artifact id: 'e6163482b2ac06b4924b9bc1bc7e41ca') in 0.035829 seconds 
========================================================================
Received Import Request.
  Time since last request: 0.000039 seconds.
  path: Assets/PolygonOffice/Models/SM_Prop_Figure_Cowgirl_01_Convex.asset
  artifactKey: Guid(597a11babf3ab42479a3e4d72b87155d) Importer(815301076,1909f56bfc062723c751e8b465ee728b)
Start importing Assets/PolygonOffice/Models/SM_Prop_Figure_Cowgirl_01_Convex.asset using Guid(597a11babf3ab42479a3e4d72b87155d) Importer(815301076,1909f56bfc062723c751e8b465ee728b)  -> (artifact id: '362079a611de2e7c859270ac54aafcb5') in 0.017616 seconds 
========================================================================
Received Import Request.
  Time since last request: 0.000125 seconds.
  path: Assets/PolygonOffice/Models/SM_Prop_Figure_Knight_01_Convex.asset
  artifactKey: Guid(9cf52c9158ddb2e4eb7f12133d857770) Importer(815301076,1909f56bfc062723c751e8b465ee728b)
Start importing Assets/PolygonOffice/Models/SM_Prop_Figure_Knight_01_Convex.asset using Guid(9cf52c9158ddb2e4eb7f12133d857770) Importer(815301076,1909f56bfc062723c751e8b465ee728b)  -> (artifact id: 'fc64b236382db0d06979df225d9c484d') in 0.020845 seconds 
========================================================================
Received Import Request.
  Time since last request: 0.000037 seconds.
  path: Assets/PolygonOffice/Prefabs/Props/Desk Props/SM_Prop_Figure_Goblin_01.prefab
  artifactKey: Guid(48b0da2e74e00254fa491183a19702e7) Importer(815301076,1909f56bfc062723c751e8b465ee728b)
Start importing Assets/PolygonOffice/Prefabs/Props/Desk Props/SM_Prop_Figure_Goblin_01.prefab using Guid(48b0da2e74e00254fa491183a19702e7) Importer(815301076,1909f56bfc062723c751e8b465ee728b)  -> (artifact id: '0fbfc457bff535992384aa61dbe8e780') in 0.041403 seconds 
========================================================================
Received Import Request.
  Time since last request: 17.580246 seconds.
  path: Assets/PolygonOffice/Models/SM_Prop_Figure_Viking_01_Convex.asset
  artifactKey: Guid(a5403000872a1ea40a693a5b6e6f56ed) Importer(815301076,1909f56bfc062723c751e8b465ee728b)
Start importing Assets/PolygonOffice/Models/SM_Prop_Figure_Viking_01_Convex.asset using Guid(a5403000872a1ea40a693a5b6e6f56ed) Importer(815301076,1909f56bfc062723c751e8b465ee728b)  -> (artifact id: '942f4ab1d18e27b57fe6b88b775a644c') in 0.020993 seconds 
========================================================================
Received Import Request.
  Time since last request: 61.277045 seconds.
  path: Assets/PolygonOffice/Models/SM_Prop_Poster_04_Convex.asset
  artifactKey: Guid(63e6dd6f0ae9236438e7457a93aaa9f2) Importer(815301076,1909f56bfc062723c751e8b465ee728b)
Start importing Assets/PolygonOffice/Models/SM_Prop_Poster_04_Convex.asset using Guid(63e6dd6f0ae9236438e7457a93aaa9f2) Importer(815301076,1909f56bfc062723c751e8b465ee728b)  -> (artifact id: '2118eba49b7807bdd04378822a380eae') in 0.027484 seconds 
========================================================================
Received Import Request.
  Time since last request: 0.118539 seconds.
  path: Assets/PolygonOffice/Prefabs/Props/Wall Props/SM_Prop_Poster_Stocks_01.prefab
  artifactKey: Guid(2cbc32c5bb44bc94da1d364629ebc520) Importer(815301076,1909f56bfc062723c751e8b465ee728b)
Start importing Assets/PolygonOffice/Prefabs/Props/Wall Props/SM_Prop_Poster_Stocks_01.prefab using Guid(2cbc32c5bb44bc94da1d364629ebc520) Importer(815301076,1909f56bfc062723c751e8b465ee728b)  -> (artifact id: 'ae9204e04a62dda7f90604936cb7c6d2') in 0.051564 seconds 
========================================================================
Received Import Request.
  Time since last request: 44.831034 seconds.
  path: Assets/PolygonOffice/Prefabs/Props/Wall Props/SM_Prop_Poster_Stocks_01.prefab
  artifactKey: Guid(2cbc32c5bb44bc94da1d364629ebc520) Importer(815301076,1909f56bfc062723c751e8b465ee728b)
Start importing Assets/PolygonOffice/Prefabs/Props/Wall Props/SM_Prop_Poster_Stocks_01.prefab using Guid(2cbc32c5bb44bc94da1d364629ebc520) Importer(815301076,1909f56bfc062723c751e8b465ee728b)  -> (artifact id: '1345a491421ad3afa25f3347c9ca4190') in 0.032423 seconds 
========================================================================
Received Import Request.
  Time since last request: 18.612269 seconds.
  path: Assets/PolygonOffice/Prefabs/Props/Wall Props/SM_Prop_Poster_02.prefab
  artifactKey: Guid(fc9805729e1eeed40ba9778ee65a675e) Importer(815301076,1909f56bfc062723c751e8b465ee728b)
Start importing Assets/PolygonOffice/Prefabs/Props/Wall Props/SM_Prop_Poster_02.prefab using Guid(fc9805729e1eeed40ba9778ee65a675e) Importer(815301076,1909f56bfc062723c751e8b465ee728b)  -> (artifact id: 'b41c35e8b672419bd7013dba54580ca5') in 0.033430 seconds 
